apkCavoshCafe202610/app/build/intermediates/manifest_merge_blame_file/debug/processDebugMainManifest/manifest-merger-blame-debug-report.txt
1<?xml version="1.0" encoding="utf-8"?>
2<manifest xmlns:android="http://schemas.android.com/apk/res/android"
3    package="es.oaemdl.apkcavoshcafe202610"
4    android:versionCode="1"
5    android:versionName="1.0" >
6
7    <uses-sdk
7-->INJECTED
8        android:minSdkVersion="30"
8-->INJECTED
9        android:targetSdkVersion="36" />
9-->INJECTED
10
11    <uses-permission android:name="android.permission.INTERNET" />
11-->src\main\AndroidManifest.xml:6:5-66
11-->src\main\AndroidManifest.xml:6:22-64
12    <uses-permission android:name="android.permission.ACCESS_FINE_LOCATION" />
12-->src\main\AndroidManifest.xml:7:5-78
12-->src\main\AndroidManifest.xml:7:22-76
13    <uses-permission android:name="android.permission.ACCESS_COARSE_LOCATION" />
13-->src\main\AndroidManifest.xml:8:5-80
13-->src\main\AndroidManifest.xml:8:22-78
14
15    <queries>
15-->[com.facebook.android:facebook-common:16.3.0] AndroidManifest.xml:17:5-19:15
16        <package android:name="com.facebook.katana" />
16-->[com.facebook.android:facebook-common:16.3.0] AndroidManifest.xml:18:9-55
16-->[com.facebook.android:facebook-common:16.3.0] AndroidManifest.xml:18:18-52
17    </queries>
18
19    <uses-permission android:name="android.permission.ACCESS_NETWORK_STATE" />
19-->[com.google.firebase:firebase-auth:24.0.1] AndroidManifest.xml:26:5-79
19-->[com.google.firebase:firebase-auth:24.0.1] AndroidManifest.xml:26:22-76
20    <uses-permission android:name="com.google.android.providers.gsf.permission.READ_GSERVICES" />
20-->[com.google.android.recaptcha:recaptcha:18.6.1] AndroidManifest.xml:9:5-98
20-->[com.google.android.recaptcha:recaptcha:18.6.1] AndroidManifest.xml:9:22-95
21    <uses-permission android:name="android.permission.WAKE_LOCK" />
21-->[com.google.android.gms:play-services-measurement-api:23.2.0] AndroidManifest.xml:24:5-68
21-->[com.google.android.gms:play-services-measurement-api:23.2.0] AndroidManifest.xml:24:22-65
22    <uses-permission android:name="com.google.android.gms.permission.AD_ID" />
22-->[com.google.android.gms:play-services-measurement-api:23.2.0] AndroidManifest.xml:25:5-79
22-->[com.google.android.gms:play-services-measurement-api:23.2.0] AndroidManifest.xml:25:22-76
23    <uses-permission android:name="android.permission.ACCESS_ADSERVICES_ATTRIBUTION" />
23-->[com.google.android.gms:play-services-measurement-api:23.2.0] AndroidManifest.xml:26:5-88
23-->[com.google.android.gms:play-services-measurement-api:23.2.0] AndroidManifest.xml:26:22-85
24    <uses-permission android:name="android.permission.ACCESS_ADSERVICES_AD_ID" />
24-->[com.google.android.gms:play-services-measurement-api:23.2.0] AndroidManifest.xml:27:5-82
24-->[com.google.android.gms:play-services-measurement-api:23.2.0] AndroidManifest.xml:27:22-79
25    <uses-permission android:name="com.google.android.finsky.permission.BIND_GET_INSTALL_REFERRER_SERVICE" />
25-->[com.google.android.gms:play-services-measurement:23.2.0] AndroidManifest.xml:26:5-110
25-->[com.google.android.gms:play-services-measurement:23.2.0] AndroidManifest.xml:26:22-107
26
27    <permission
27-->[androidx.core:core:1.18.0] AndroidManifest.xml:22:5-24:47
28        android:name="es.oaemdl.apkcavoshcafe202610.DYNAMIC_RECEIVER_NOT_EXPORTED_PERMISSION"
28-->[androidx.core:core:1.18.0] AndroidManifest.xml:23:9-81
29        android:protectionLevel="signature" />
29-->[androidx.core:core:1.18.0] AndroidManifest.xml:24:9-44
30
31    <uses-permission android:name="es.oaemdl.apkcavoshcafe202610.DYNAMIC_RECEIVER_NOT_EXPORTED_PERMISSION" />
31-->[androidx.core:core:1.18.0] AndroidManifest.xml:26:5-97
31-->[androidx.core:core:1.18.0] AndroidManifest.xml:26:22-94
32
33    <application
33-->src\main\AndroidManifest.xml:10:5-28:19
34        android:allowBackup="true"
34-->src\main\AndroidManifest.xml:11:9-35
35        android:appComponentFactory="androidx.core.app.CoreComponentFactory"
35-->[androidx.core:core:1.18.0] AndroidManifest.xml:28:18-86
36        android:dataExtractionRules="@xml/data_extraction_rules"
36-->src\main\AndroidManifest.xml:12:9-65
37        android:debuggable="true"
38        android:extractNativeLibs="false"
38-->INJECTED
39        android:fullBackupContent="@xml/backup_rules"
39-->src\main\AndroidManifest.xml:14:9-54
40        android:icon="@mipmap/ic_launcher"
40-->src\main\AndroidManifest.xml:15:9-43
41        android:roundIcon="@mipmap/ic_launcher_round"
41-->src\main\AndroidManifest.xml:16:9-54
42        android:supportsRtl="true"
42-->src\main\AndroidManifest.xml:17:9-35
43        android:testOnly="true"
44        android:theme="@style/Theme.ApkCavoshCafe202610"
44-->src\main\AndroidManifest.xml:18:9-57
45        android:usesCleartextTraffic="true" >
45-->src\main\AndroidManifest.xml:13:9-44
46        <activity
46-->src\main\AndroidManifest.xml:19:9-27:20
47            android:name="es.oaemdl.apkcavoshcafe202610.MainActivity"
47-->src\main\AndroidManifest.xml:20:13-41
48            android:exported="true" >
48-->src\main\AndroidManifest.xml:21:13-36
49            <intent-filter>
49-->src\main\AndroidManifest.xml:22:13-26:29
50                <action android:name="android.intent.action.MAIN" />
50-->src\main\AndroidManifest.xml:23:17-69
50-->src\main\AndroidManifest.xml:23:25-66
51
52                <category android:name="android.intent.category.LAUNCHER" />
52-->src\main\AndroidManifest.xml:25:17-77
52-->src\main\AndroidManifest.xml:25:27-74
53            </intent-filter>
54        </activity>
55        <activity
55-->[com.facebook.android:facebook-common:16.3.0] AndroidManifest.xml:22:9-25:66
56            android:name="com.facebook.FacebookActivity"
56-->[com.facebook.android:facebook-common:16.3.0] AndroidManifest.xml:23:13-57
57            android:configChanges="keyboard|keyboardHidden|screenLayout|screenSize|orientation"
57-->[com.facebook.android:facebook-common:16.3.0] AndroidManifest.xml:24:13-96
58            android:theme="@style/com_facebook_activity_theme" />
58-->[com.facebook.android:facebook-common:16.3.0] AndroidManifest.xml:25:13-63
59        <activity android:name="com.facebook.CustomTabMainActivity" />
59-->[com.facebook.android:facebook-common:16.3.0] AndroidManifest.xml:26:9-71
59-->[com.facebook.android:facebook-common:16.3.0] AndroidManifest.xml:26:19-68
60        <activity
60-->[com.facebook.android:facebook-common:16.3.0] AndroidManifest.xml:27:9-41:20
61            android:name="com.facebook.CustomTabActivity"
61-->[com.facebook.android:facebook-common:16.3.0] AndroidManifest.xml:28:13-58
62            android:exported="true" >
62-->[com.facebook.android:facebook-common:16.3.0] AndroidManifest.xml:29:13-36
63            <intent-filter>
63-->[com.facebook.android:facebook-common:16.3.0] AndroidManifest.xml:31:13-40:29
64                <action android:name="android.intent.action.VIEW" />
64-->[com.facebook.android:facebook-common:16.3.0] AndroidManifest.xml:32:17-69
64-->[com.facebook.android:facebook-common:16.3.0] AndroidManifest.xml:32:25-66
65
66                <category android:name="android.intent.category.DEFAULT" />
66-->[com.facebook.android:facebook-common:16.3.0] AndroidManifest.xml:34:17-76
66-->[com.facebook.android:facebook-common:16.3.0] AndroidManifest.xml:34:27-73
67                <category android:name="android.intent.category.BROWSABLE" />
67-->[com.facebook.android:facebook-common:16.3.0] AndroidManifest.xml:35:17-78
67-->[com.facebook.android:facebook-common:16.3.0] AndroidManifest.xml:35:27-75
68
69                <data
69-->[com.facebook.android:facebook-common:16.3.0] AndroidManifest.xml:37:17-39:50
70                    android:host="cct.es.oaemdl.apkcavoshcafe202610"
70-->[com.facebook.android:facebook-common:16.3.0] AndroidManifest.xml:38:21-56
71                    android:scheme="fbconnect" />
71-->[com.facebook.android:facebook-common:16.3.0] AndroidManifest.xml:39:21-47
72            </intent-filter>
73        </activity>
74        <activity
74-->[com.google.firebase:firebase-auth:24.0.1] AndroidManifest.xml:29:9-46:20
75            android:name="com.google.firebase.auth.internal.GenericIdpActivity"
75-->[com.google.firebase:firebase-auth:24.0.1] AndroidManifest.xml:30:13-80
76            android:excludeFromRecents="true"
76-->[com.google.firebase:firebase-auth:24.0.1] AndroidManifest.xml:31:13-46
77            android:exported="true"
77-->[com.google.firebase:firebase-auth:24.0.1] AndroidManifest.xml:32:13-36
78            android:launchMode="singleTask"
78-->[com.google.firebase:firebase-auth:24.0.1] AndroidManifest.xml:33:13-44
79            android:theme="@android:style/Theme.Translucent.NoTitleBar" >
79-->[com.google.firebase:firebase-auth:24.0.1] AndroidManifest.xml:34:13-72
80            <intent-filter>
80-->[com.google.firebase:firebase-auth:24.0.1] AndroidManifest.xml:35:13-45:29
81                <action android:name="android.intent.action.VIEW" />
81-->[com.facebook.android:facebook-common:16.3.0] AndroidManifest.xml:32:17-69
81-->[com.facebook.android:facebook-common:16.3.0] AndroidManifest.xml:32:25-66
82
83                <category android:name="android.intent.category.DEFAULT" />
83-->[com.facebook.android:facebook-common:16.3.0] AndroidManifest.xml:34:17-76
83-->[com.facebook.android:facebook-common:16.3.0] AndroidManifest.xml:34:27-73
84                <category android:name="android.intent.category.BROWSABLE" />
84-->[com.facebook.android:facebook-common:16.3.0] AndroidManifest.xml:35:17-78
84-->[com.facebook.android:facebook-common:16.3.0] AndroidManifest.xml:35:27-75
85
86                <data
86-->[com.facebook.android:facebook-common:16.3.0] AndroidManifest.xml:37:17-39:50
87                    android:host="firebase.auth"
87-->[com.facebook.android:facebook-common:16.3.0] AndroidManifest.xml:38:21-56
88                    android:path="/"
89                    android:scheme="genericidp" />
89-->[com.facebook.android:facebook-common:16.3.0] AndroidManifest.xml:39:21-47
90            </intent-filter>
91        </activity>
92        <activity
92-->[com.google.firebase:firebase-auth:24.0.1] AndroidManifest.xml:47:9-64:20
93            android:name="com.google.firebase.auth.internal.RecaptchaActivity"
93-->[com.google.firebase:firebase-auth:24.0.1] AndroidManifest.xml:48:13-79
94            android:excludeFromRecents="true"
94-->[com.google.firebase:firebase-auth:24.0.1] AndroidManifest.xml:49:13-46
95            android:exported="true"
95-->[com.google.firebase:firebase-auth:24.0.1] AndroidManifest.xml:50:13-36
96            android:launchMode="singleTask"
96-->[com.google.firebase:firebase-auth:24.0.1] AndroidManifest.xml:51:13-44
97            android:theme="@android:style/Theme.Translucent.NoTitleBar" >
97-->[com.google.firebase:firebase-auth:24.0.1] AndroidManifest.xml:52:13-72
98            <intent-filter>
98-->[com.google.firebase:firebase-auth:24.0.1] AndroidManifest.xml:53:13-63:29
99                <action android:name="android.intent.action.VIEW" />
99-->[com.facebook.android:facebook-common:16.3.0] AndroidManifest.xml:32:17-69
99-->[com.facebook.android:facebook-common:16.3.0] AndroidManifest.xml:32:25-66
100
101                <category android:name="android.intent.category.DEFAULT" />
101-->[com.facebook.android:facebook-common:16.3.0] AndroidManifest.xml:34:17-76
101-->[com.facebook.android:facebook-common:16.3.0] AndroidManifest.xml:34:27-73
102                <category android:name="android.intent.category.BROWSABLE" />
102-->[com.facebook.android:facebook-common:16.3.0] AndroidManifest.xml:35:17-78
102-->[com.facebook.android:facebook-common:16.3.0] AndroidManifest.xml:35:27-75
103
104                <data
104-->[com.facebook.android:facebook-common:16.3.0] AndroidManifest.xml:37:17-39:50
105                    android:host="firebase.auth"
105-->[com.facebook.android:facebook-common:16.3.0] AndroidManifest.xml:38:21-56
106                    android:path="/"
107                    android:scheme="recaptcha" />
107-->[com.facebook.android:facebook-common:16.3.0] AndroidManifest.xml:39:21-47
108            </intent-filter>
109        </activity>
110
111        <service
111-->[com.google.firebase:firebase-auth:24.0.1] AndroidManifest.xml:66:9-72:19
112            android:name="com.google.firebase.components.ComponentDiscoveryService"
112-->[com.google.firebase:firebase-auth:24.0.1] AndroidManifest.xml:67:13-84
113            android:directBootAware="true"
113-->[com.google.firebase:firebase-common:22.0.1] AndroidManifest.xml:32:13-43
114            android:exported="false" >
114-->[com.google.firebase:firebase-auth:24.0.1] AndroidManifest.xml:68:13-37
115            <meta-data
115-->[com.google.firebase:firebase-auth:24.0.1] AndroidManifest.xml:69:13-71:85
116                android:name="com.google.firebase.components:com.google.firebase.auth.FirebaseAuthRegistrar"
116-->[com.google.firebase:firebase-auth:24.0.1] AndroidManifest.xml:70:17-109
117                android:value="com.google.firebase.components.ComponentRegistrar" />
117-->[com.google.firebase:firebase-auth:24.0.1] AndroidManifest.xml:71:17-82
118            <meta-data
118-->[com.google.firebase:firebase-database:22.0.1] AndroidManifest.xml:29:13-31:85
119                android:name="com.google.firebase.components:com.google.firebase.database.FirebaseDatabaseKtxRegistrar"
119-->[com.google.firebase:firebase-database:22.0.1] AndroidManifest.xml:30:17-120
120                android:value="com.google.firebase.components.ComponentRegistrar" />
120-->[com.google.firebase:firebase-database:22.0.1] AndroidManifest.xml:31:17-82
121            <meta-data
121-->[com.google.firebase:firebase-database:22.0.1] AndroidManifest.xml:32:13-34:85
122                android:name="com.google.firebase.components:com.google.firebase.database.DatabaseRegistrar"
122-->[com.google.firebase:firebase-database:22.0.1] AndroidManifest.xml:33:17-109
123                android:value="com.google.firebase.components.ComponentRegistrar" />
123-->[com.google.firebase:firebase-database:22.0.1] AndroidManifest.xml:34:17-82
124            <meta-data
124-->[com.google.android.gms:play-services-measurement-api:23.2.0] AndroidManifest.xml:33:13-35:85
125                android:name="com.google.firebase.components:com.google.firebase.analytics.connector.internal.AnalyticsConnectorRegistrar"
125-->[com.google.android.gms:play-services-measurement-api:23.2.0] AndroidManifest.xml:34:17-139
126                android:value="com.google.firebase.components.ComponentRegistrar" />
126-->[com.google.android.gms:play-services-measurement-api:23.2.0] AndroidManifest.xml:35:17-82
127            <meta-data
127-->[com.google.firebase:firebase-installations:19.1.0] AndroidManifest.xml:15:13-17:85
128                android:name="com.google.firebase.components:com.google.firebase.installations.FirebaseInstallationsKtxRegistrar"
128-->[com.google.firebase:firebase-installations:19.1.0] AndroidManifest.xml:16:17-130
129                android:value="com.google.firebase.components.ComponentRegistrar" />
129-->[com.google.firebase:firebase-installations:19.1.0] AndroidManifest.xml:17:17-82
130            <meta-data
130-->[com.google.firebase:firebase-installations:19.1.0] AndroidManifest.xml:18:13-20:85
131                android:name="com.google.firebase.components:com.google.firebase.installations.FirebaseInstallationsRegistrar"
131-->[com.google.firebase:firebase-installations:19.1.0] AndroidManifest.xml:19:17-127
132                android:value="com.google.firebase.components.ComponentRegistrar" />
132-->[com.google.firebase:firebase-installations:19.1.0] AndroidManifest.xml:20:17-82
133            <meta-data
133-->[com.google.firebase:firebase-common:22.0.1] AndroidManifest.xml:35:13-37:85
134                android:name="com.google.firebase.components:com.google.firebase.FirebaseCommonKtxRegistrar"
134-->[com.google.firebase:firebase-common:22.0.1] AndroidManifest.xml:36:17-109
135                android:value="com.google.firebase.components.ComponentRegistrar" />
135-->[com.google.firebase:firebase-common:22.0.1] AndroidManifest.xml:37:17-82
136        </service>
137        <service
137-->[androidx.credentials:credentials-play-services-auth:1.2.0-rc01] AndroidManifest.xml:24:9-32:19
138            android:name="androidx.credentials.playservices.CredentialProviderMetadataHolder"
138-->[androidx.credentials:credentials-play-services-auth:1.2.0-rc01] AndroidManifest.xml:25:13-94
139            android:enabled="true"
139-->[androidx.credentials:credentials-play-services-auth:1.2.0-rc01] AndroidManifest.xml:26:13-35
140            android:exported="false" >
140-->[androidx.credentials:credentials-play-services-auth:1.2.0-rc01] AndroidManifest.xml:27:13-37
141            <meta-data
141-->[androidx.credentials:credentials-play-services-auth:1.2.0-rc01] AndroidManifest.xml:29:13-31:104
142                android:name="androidx.credentials.CREDENTIAL_PROVIDER_KEY"
142-->[androidx.credentials:credentials-play-services-auth:1.2.0-rc01] AndroidManifest.xml:30:17-76
143                android:value="androidx.credentials.playservices.CredentialProviderPlayServicesImpl" />
143-->[androidx.credentials:credentials-play-services-auth:1.2.0-rc01] AndroidManifest.xml:31:17-101
144        </service>
145
146        <activity
146-->[androidx.credentials:credentials-play-services-auth:1.2.0-rc01] AndroidManifest.xml:34:9-41:20
147            android:name="androidx.credentials.playservices.HiddenActivity"
147-->[androidx.credentials:credentials-play-services-auth:1.2.0-rc01] AndroidManifest.xml:35:13-76
148            android:configChanges="orientation|screenSize|screenLayout|keyboardHidden"
148-->[androidx.credentials:credentials-play-services-auth:1.2.0-rc01] AndroidManifest.xml:36:13-87
149            android:enabled="true"
149-->[androidx.credentials:credentials-play-services-auth:1.2.0-rc01] AndroidManifest.xml:37:13-35
150            android:exported="false"
150-->[androidx.credentials:credentials-play-services-auth:1.2.0-rc01] AndroidManifest.xml:38:13-37
151            android:fitsSystemWindows="true"
151-->[androidx.credentials:credentials-play-services-auth:1.2.0-rc01] AndroidManifest.xml:39:13-45
152            android:theme="@style/Theme.Hidden" >
152-->[androidx.credentials:credentials-play-services-auth:1.2.0-rc01] AndroidManifest.xml:40:13-48
153        </activity>
154        <activity
154-->[com.google.android.gms:play-services-auth:20.7.0] AndroidManifest.xml:23:9-27:75
155            android:name="com.google.android.gms.auth.api.signin.internal.SignInHubActivity"
155-->[com.google.android.gms:play-services-auth:20.7.0] AndroidManifest.xml:24:13-93
156            android:excludeFromRecents="true"
156-->[com.google.android.gms:play-services-auth:20.7.0] AndroidManifest.xml:25:13-46
157            android:exported="false"
157-->[com.google.android.gms:play-services-auth:20.7.0] AndroidManifest.xml:26:13-37
158            android:theme="@android:style/Theme.Translucent.NoTitleBar" />
158-->[com.google.android.gms:play-services-auth:20.7.0] AndroidManifest.xml:27:13-72
159        <!--
160            Service handling Google Sign-In user revocation. For apps that do not integrate with
161            Google Sign-In, this service will never be started.
162        -->
163        <service
163-->[com.google.android.gms:play-services-auth:20.7.0] AndroidManifest.xml:33:9-37:51
164            android:name="com.google.android.gms.auth.api.signin.RevocationBoundService"
164-->[com.google.android.gms:play-services-auth:20.7.0] AndroidManifest.xml:34:13-89
165            android:exported="true"
165-->[com.google.android.gms:play-services-auth:20.7.0] AndroidManifest.xml:35:13-36
166            android:permission="com.google.android.gms.auth.api.signin.permission.REVOCATION_NOTIFICATION"
166-->[com.google.android.gms:play-services-auth:20.7.0] AndroidManifest.xml:36:13-107
167            android:visibleToInstantApps="true" />
167-->[com.google.android.gms:play-services-auth:20.7.0] AndroidManifest.xml:37:13-48
168
169        <provider
169-->[com.google.firebase:firebase-common:22.0.1] AndroidManifest.xml:23:9-28:39
170            android:name="com.google.firebase.provider.FirebaseInitProvider"
170-->[com.google.firebase:firebase-common:22.0.1] AndroidManifest.xml:24:13-77
171            android:authorities="es.oaemdl.apkcavoshcafe202610.firebaseinitprovider"
171-->[com.google.firebase:firebase-common:22.0.1] AndroidManifest.xml:25:13-72
172            android:directBootAware="true"
172-->[com.google.firebase:firebase-common:22.0.1] AndroidManifest.xml:26:13-43
173            android:exported="false"
173-->[com.google.firebase:firebase-common:22.0.1] AndroidManifest.xml:27:13-37
174            android:initOrder="100" />
174-->[com.google.firebase:firebase-common:22.0.1] AndroidManifest.xml:28:13-36
175
176        <receiver
176-->[com.google.android.gms:play-services-measurement:23.2.0] AndroidManifest.xml:29:9-33:20
177            android:name="com.google.android.gms.measurement.AppMeasurementReceiver"
177-->[com.google.android.gms:play-services-measurement:23.2.0] AndroidManifest.xml:30:13-85
178            android:enabled="true"
178-->[com.google.android.gms:play-services-measurement:23.2.0] AndroidManifest.xml:31:13-35
179            android:exported="false" >
179-->[com.google.android.gms:play-services-measurement:23.2.0] AndroidManifest.xml:32:13-37
180        </receiver>
181
182        <service
182-->[com.google.android.gms:play-services-measurement:23.2.0] AndroidManifest.xml:35:9-38:40
183            android:name="com.google.android.gms.measurement.AppMeasurementService"
183-->[com.google.android.gms:play-services-measurement:23.2.0] AndroidManifest.xml:36:13-84
184            android:enabled="true"
184-->[com.google.android.gms:play-services-measurement:23.2.0] AndroidManifest.xml:37:13-35
185            android:exported="false" />
185-->[com.google.android.gms:play-services-measurement:23.2.0] AndroidManifest.xml:38:13-37
186        <service
186-->[com.google.android.gms:play-services-measurement:23.2.0] AndroidManifest.xml:39:9-43:72
187            android:name="com.google.android.gms.measurement.AppMeasurementJobService"
187-->[com.google.android.gms:play-services-measurement:23.2.0] AndroidManifest.xml:40:13-87
188            android:enabled="true"
188-->[com.google.android.gms:play-services-measurement:23.2.0] AndroidManifest.xml:41:13-35
189            android:exported="false"
189-->[com.google.android.gms:play-services-measurement:23.2.0] AndroidManifest.xml:42:13-37
190            android:permission="android.permission.BIND_JOB_SERVICE" />
190-->[com.google.android.gms:play-services-measurement:23.2.0] AndroidManifest.xml:43:13-69
191
192        <activity
192-->[com.google.android.gms:play-services-base:18.5.0] AndroidManifest.xml:5:9-173
193            android:name="com.google.android.gms.common.api.GoogleApiActivity"
193-->[com.google.android.gms:play-services-base:18.5.0] AndroidManifest.xml:5:19-85
194            android:exported="false"
194-->[com.google.android.gms:play-services-base:18.5.0] AndroidManifest.xml:5:146-170
195            android:theme="@android:style/Theme.Translucent.NoTitleBar" />
195-->[com.google.android.gms:play-services-base:18.5.0] AndroidManifest.xml:5:86-145
196
197        <provider
197-->[androidx.emoji2:emoji2:1.3.0] AndroidManifest.xml:24:9-32:20
198            android:name="androidx.startup.InitializationProvider"
198-->[androidx.emoji2:emoji2:1.3.0] AndroidManifest.xml:25:13-67
199            android:authorities="es.oaemdl.apkcavoshcafe202610.androidx-startup"
199-->[androidx.emoji2:emoji2:1.3.0] AndroidManifest.xml:26:13-68
200            android:exported="false" >
200-->[androidx.emoji2:emoji2:1.3.0] AndroidManifest.xml:27:13-37
201            <meta-data
201-->[androidx.emoji2:emoji2:1.3.0] AndroidManifest.xml:29:13-31:52
202                android:name="androidx.emoji2.text.EmojiCompatInitializer"
202-->[androidx.emoji2:emoji2:1.3.0] AndroidManifest.xml:30:17-75
203                android:value="androidx.startup" />
203-->[androidx.emoji2:emoji2:1.3.0] AndroidManifest.xml:31:17-49
204            <meta-data
204-->[androidx.lifecycle:lifecycle-process:2.9.0] AndroidManifest.xml:29:13-31:52
205                android:name="androidx.lifecycle.ProcessLifecycleInitializer"
205-->[androidx.lifecycle:lifecycle-process:2.9.0] AndroidManifest.xml:30:17-78
206                android:value="androidx.startup" />
206-->[androidx.lifecycle:lifecycle-process:2.9.0] AndroidManifest.xml:31:17-49
207            <meta-data
207-->[androidx.profileinstaller:profileinstaller:1.4.0] AndroidManifest.xml:29:13-31:52
208                android:name="androidx.profileinstaller.ProfileInstallerInitializer"
208-->[androidx.profileinstaller:profileinstaller:1.4.0] AndroidManifest.xml:30:17-85
209                android:value="androidx.startup" />
209-->[androidx.profileinstaller:profileinstaller:1.4.0] AndroidManifest.xml:31:17-49
210        </provider>
211        <!--
212         The initialization ContentProvider will call FacebookSdk.sdkInitialize automatically
213         with the application context. This config is merged in with the host app's manifest,
214         but there can only be one provider with the same authority activated at any given
215         point; so if the end user has two or more different apps that use Facebook SDK, only the
216         first one will be able to use the provider. To work around this problem, we use the
217         following placeholder in the authority to identify each host application as if it was
218         a completely different provider.
219        -->
220        <provider
220-->[com.facebook.android:facebook-core:16.3.0] AndroidManifest.xml:29:9-32:40
221            android:name="com.facebook.internal.FacebookInitProvider"
221-->[com.facebook.android:facebook-core:16.3.0] AndroidManifest.xml:30:13-70
222            android:authorities="es.oaemdl.apkcavoshcafe202610.FacebookInitProvider"
222-->[com.facebook.android:facebook-core:16.3.0] AndroidManifest.xml:31:13-72
223            android:exported="false" />
223-->[com.facebook.android:facebook-core:16.3.0] AndroidManifest.xml:32:13-37
224
225        <receiver
225-->[com.facebook.android:facebook-core:16.3.0] AndroidManifest.xml:34:9-40:20
226            android:name="com.facebook.CurrentAccessTokenExpirationBroadcastReceiver"
226-->[com.facebook.android:facebook-core:16.3.0] AndroidManifest.xml:35:13-86
227            android:exported="false" >
227-->[com.facebook.android:facebook-core:16.3.0] AndroidManifest.xml:36:13-37
228            <intent-filter>
228-->[com.facebook.android:facebook-core:16.3.0] AndroidManifest.xml:37:13-39:29
229                <action android:name="com.facebook.sdk.ACTION_CURRENT_ACCESS_TOKEN_CHANGED" />
229-->[com.facebook.android:facebook-core:16.3.0] AndroidManifest.xml:38:17-95
229-->[com.facebook.android:facebook-core:16.3.0] AndroidManifest.xml:38:25-92
230            </intent-filter>
231        </receiver>
232        <receiver
232-->[com.facebook.android:facebook-core:16.3.0] AndroidManifest.xml:41:9-47:20
233            android:name="com.facebook.AuthenticationTokenManager$CurrentAuthenticationTokenChangedBroadcastReceiver"
233-->[com.facebook.android:facebook-core:16.3.0] AndroidManifest.xml:42:13-118
234            android:exported="false" >
234-->[com.facebook.android:facebook-core:16.3.0] AndroidManifest.xml:43:13-37
235            <intent-filter>
235-->[com.facebook.android:facebook-core:16.3.0] AndroidManifest.xml:44:13-46:29
236                <action android:name="com.facebook.sdk.ACTION_CURRENT_AUTHENTICATION_TOKEN_CHANGED" />
236-->[com.facebook.android:facebook-core:16.3.0] AndroidManifest.xml:45:17-103
236-->[com.facebook.android:facebook-core:16.3.0] AndroidManifest.xml:45:25-100
237            </intent-filter>
238        </receiver>
239
240        <uses-library
240-->[androidx.privacysandbox.ads:ads-adservices:1.1.0-beta11] AndroidManifest.xml:23:9-25:40
241            android:name="android.ext.adservices"
241-->[androidx.privacysandbox.ads:ads-adservices:1.1.0-beta11] AndroidManifest.xml:24:13-50
242            android:required="false" />
242-->[androidx.privacysandbox.ads:ads-adservices:1.1.0-beta11] AndroidManifest.xml:25:13-37
243        <uses-library
243-->[androidx.window:window:1.0.0] AndroidManifest.xml:25:9-27:40
244            android:name="androidx.window.extensions"
244-->[androidx.window:window:1.0.0] AndroidManifest.xml:26:13-54
245            android:required="false" />
245-->[androidx.window:window:1.0.0] AndroidManifest.xml:27:13-37
246        <uses-library
246-->[androidx.window:window:1.0.0] AndroidManifest.xml:28:9-30:40
247            android:name="androidx.window.sidecar"
247-->[androidx.window:window:1.0.0] AndroidManifest.xml:29:13-51
248            android:required="false" />
248-->[androidx.window:window:1.0.0] AndroidManifest.xml:30:13-37
249
250        <meta-data
250-->[com.google.android.gms:play-services-basement:18.9.0] AndroidManifest.xml:21:9-23:69
251            android:name="com.google.android.gms.version"
251-->[com.google.android.gms:play-services-basement:18.9.0] AndroidManifest.xml:22:13-58
252            android:value="@integer/google_play_services_version" />
252-->[com.google.android.gms:play-services-basement:18.9.0] AndroidManifest.xml:23:13-66
253
254        <provider
254-->[com.squareup.picasso:picasso:2.71828] AndroidManifest.xml:8:9-11:40
255            android:name="com.squareup.picasso.PicassoProvider"
255-->[com.squareup.picasso:picasso:2.71828] AndroidManifest.xml:9:13-64
256            android:authorities="es.oaemdl.apkcavoshcafe202610.com.squareup.picasso"
256-->[com.squareup.picasso:picasso:2.71828] AndroidManifest.xml:10:13-72
257            android:exported="false" />
257-->[com.squareup.picasso:picasso:2.71828] AndroidManifest.xml:11:13-37
258
259        <receiver
259-->[androidx.profileinstaller:profileinstaller:1.4.0] AndroidManifest.xml:34:9-52:20
260            android:name="androidx.profileinstaller.ProfileInstallReceiver"